<?xml version="1.0" encoding="UTF-8"?>
<!-- Generated by org.testng.reporters.JUnitReportReporter -->
<testsuite hostname="Sritajs-MBP" failures="0" tests="2" name="webPagesTest.UserRegistrationPageTest" time="33.874" errors="0" timestamp="2021-09-08T22:43:23 IST" skipped="0">
  <testcase classname="webPagesTest.UserRegistrationPageTest" name="fillNewUserDetailsAndClickOnFlights" time="22.053"/>
  <system-out/>
  <testcase classname="webPagesTest.UserRegistrationPageTest" name="fillNewUserDetails" time="11.821"/>
  <system-out/>
</testsuite> <!-- webPagesTest.UserRegistrationPageTest -->
